 Receiving modified array data from processor            1
 First, check out my buffer:
  0.997559547      0.566824675      0.965915322      0.747927666      0.367390871    
  0.480636895       7.37542510E-02   5.35517931E-03  0.347081244      0.342243791    
 Sending modified array data from processor            1  to processor            2
 Here's what I'm sending: 
   1.99511909       1.13364935       1.93183064       1.49585533      0.734781742    
  0.961273789      0.147508502       1.07103586E-02  0.694162488      0.684487581    
  0.435903430      0.266320705       1.80104899      0.773531914      0.890964508    
   1.32386434       3.22165489E-02   1.30170965       1.29281759      0.645974517    
   1.71138477      0.802573800      0.413748622       1.93707883       1.19679904    
  0.217951715      0.133160353      0.900524497      0.386765957      0.445482254    
  0.661932170       1.61082745E-02  0.650854826      0.646408796      0.322987258    
  0.855692387      0.401286900      0.206874311      0.968539417      0.598399520    
 Now I have:
   1.99511909       1.13364935       1.93183064       1.49585533      0.734781742    
  0.961273789      0.147508502       1.07103586E-02  0.694162488      0.684487581    
  0.435903430      0.266320705       1.80104899      0.773531914      0.890964508    
   1.32386434       3.22165489E-02   1.30170965       1.29281759      0.645974517    
   1.71138477      0.802573800      0.413748622       1.93707883       1.19679904    
