__o_________________
o_o_________________
_oo_________________
____________________
____________________
____________________
____________________
____________________
____________________
____________________
____________________
____________________
____________________
____________________
____________________
____________________
____________________
____________________
____________________
____________________

__o_________________
___o________________
_ooo________________
____________________
____________________
____________________
____________________
____________________
____________________
____________________
____________________
____________________
____________________
____________________
____________________
____________________
____________________
____________________
____________________
____________________

____________________
___o________________
_o_o________________
__oo________________
____________________
____________________
____________________
____________________
____________________
____________________
____________________
____________________
____________________
____________________
____________________
____________________
____________________
____________________
____________________
____________________

____________________
___o________________
____o_______________
__ooo_______________
____________________
____________________
____________________
____________________
____________________
____________________
____________________
____________________
____________________
____________________
____________________
____________________
____________________
____________________
____________________
____________________

____________________
____________________
____o_______________
__o_o_______________
___oo_______________
____________________
____________________
____________________
____________________
____________________
____________________
____________________
____________________
____________________
____________________
____________________
____________________
____________________
____________________
____________________

____________________
____________________
____o_______________
_____o______________
___ooo______________
____________________
____________________
____________________
____________________
____________________
____________________
____________________
____________________
____________________
____________________
____________________
____________________
____________________
____________________
____________________

____________________
____________________
____________________
_____o______________
___o_o______________
____oo______________
____________________
____________________
____________________
____________________
____________________
____________________
____________________
____________________
____________________
____________________
____________________
____________________
____________________
____________________

____________________
____________________
____________________
_____o______________
______o_____________
____ooo_____________
____________________
____________________
____________________
____________________
____________________
____________________
____________________
____________________
____________________
____________________
____________________
____________________
____________________
____________________

____________________
____________________
____________________
____________________
______o_____________
____o_o_____________
_____oo_____________
____________________
____________________
____________________
____________________
____________________
____________________
____________________
____________________
____________________
____________________
____________________
____________________
____________________

____________________
____________________
____________________
____________________
______o_____________
_______o____________
_____ooo____________
____________________
____________________
____________________
____________________
____________________
____________________
____________________
____________________
____________________
____________________
____________________
____________________
____________________

____________________
____________________
____________________
____________________
____________________
_______o____________
_____o_o____________
______oo____________
____________________
____________________
____________________
____________________
____________________
____________________
____________________
____________________
____________________
____________________
____________________
____________________

____________________
____________________
____________________
____________________
____________________
_______o____________
________o___________
______ooo___________
____________________
____________________
____________________
____________________
____________________
____________________
____________________
____________________
____________________
____________________
____________________
____________________

____________________
____________________
____________________
____________________
____________________
____________________
________o___________
______o_o___________
_______oo___________
____________________
____________________
____________________
____________________
____________________
____________________
____________________
____________________
____________________
____________________
____________________

____________________
____________________
____________________
____________________
____________________
____________________
________o___________
_________o__________
_______ooo__________
____________________
____________________
____________________
____________________
____________________
____________________
____________________
____________________
____________________
____________________
____________________

____________________
____________________
____________________
____________________
____________________
____________________
____________________
_________o__________
_______o_o__________
________oo__________
____________________
____________________
____________________
____________________
____________________
____________________
____________________
____________________
____________________
____________________

____________________
____________________
____________________
____________________
____________________
____________________
____________________
_________o__________
__________o_________
________ooo_________
____________________
____________________
____________________
____________________
____________________
____________________
____________________
____________________
____________________
____________________

____________________
____________________
____________________
____________________
____________________
____________________
____________________
____________________
__________o_________
________o_o_________
_________oo_________
____________________
____________________
____________________
____________________
____________________
____________________
____________________
____________________
____________________

____________________
____________________
____________________
____________________
____________________
____________________
____________________
____________________
__________o_________
___________o________
_________ooo________
____________________
____________________
____________________
____________________
____________________
____________________
____________________
____________________
____________________

____________________
____________________
____________________
____________________
____________________
____________________
____________________
____________________
____________________
___________o________
_________o_o________
__________oo________
____________________
____________________
____________________
____________________
____________________
____________________
____________________
____________________

____________________
____________________
____________________
____________________
____________________
____________________
____________________
____________________
____________________
___________o________
____________o_______
__________ooo_______
____________________
____________________
____________________
____________________
____________________
____________________
____________________
____________________

____________________
____________________
____________________
____________________
____________________
____________________
____________________
____________________
____________________
____________________
____________o_______
__________o_o_______
___________oo_______
____________________
____________________
____________________
____________________
____________________
____________________
____________________

____________________
____________________
____________________
____________________
____________________
____________________
____________________
____________________
____________________
____________________
____________o_______
_____________o______
___________ooo______
____________________
____________________
____________________
____________________
____________________
____________________
____________________

____________________
____________________
____________________
____________________
____________________
____________________
____________________
____________________
____________________
____________________
____________________
_____________o______
___________o_o______
____________oo______
____________________
____________________
____________________
____________________
____________________
____________________

____________________
____________________
____________________
____________________
____________________
____________________
____________________
____________________
____________________
____________________
____________________
_____________o______
______________o_____
____________ooo_____
____________________
____________________
____________________
____________________
____________________
____________________

____________________
____________________
____________________
____________________
____________________
____________________
____________________
____________________
____________________
____________________
____________________
____________________
______________o_____
____________o_o_____
_____________oo_____
____________________
____________________
____________________
____________________
____________________

____________________
____________________
____________________
____________________
____________________
____________________
____________________
____________________
____________________
____________________
____________________
____________________
______________o_____
_______________o____
_____________ooo____
____________________
____________________
____________________
____________________
____________________

____________________
____________________
____________________
____________________
____________________
____________________
____________________
____________________
____________________
____________________
____________________
____________________
____________________
_______________o____
_____________o_o____
______________oo____
____________________
____________________
____________________
____________________

____________________
____________________
____________________
____________________
____________________
____________________
____________________
____________________
____________________
____________________
____________________
____________________
____________________
_______________o____
________________o___
______________ooo___
____________________
____________________
____________________
____________________

____________________
____________________
____________________
____________________
____________________
____________________
____________________
____________________
____________________
____________________
____________________
____________________
____________________
____________________
________________o___
______________o_o___
_______________oo___
____________________
____________________
____________________

____________________
____________________
____________________
____________________
____________________
____________________
____________________
____________________
____________________
____________________
____________________
____________________
____________________
____________________
________________o___
_________________o__
_______________ooo__
____________________
____________________
____________________

____________________
____________________
____________________
____________________
____________________
____________________
____________________
____________________
____________________
____________________
____________________
____________________
____________________
____________________
____________________
_________________o__
_______________o_o__
________________oo__
____________________
____________________

____________________
____________________
____________________
____________________
____________________
____________________
____________________
____________________
____________________
____________________
____________________
____________________
____________________
____________________
____________________
_________________o__
__________________o_
________________ooo_
____________________
____________________

____________________
____________________
____________________
____________________
____________________
____________________
____________________
____________________
____________________
____________________
____________________
____________________
____________________
____________________
____________________
____________________
__________________o_
________________o_o_
_________________oo_
____________________

____________________
____________________
____________________
____________________
____________________
____________________
____________________
____________________
____________________
____________________
____________________
____________________
____________________
____________________
____________________
____________________
__________________o_
___________________o
_________________ooo
____________________

____________________
____________________
____________________
____________________
____________________
____________________
____________________
____________________
____________________
____________________
____________________
____________________
____________________
____________________
____________________
____________________
____________________
___________________o
_________________o_o
__________________oo

____________________
____________________
____________________
____________________
____________________
____________________
____________________
____________________
____________________
____________________
____________________
____________________
____________________
____________________
____________________
____________________
____________________
___________________o
o___________________
o_________________oo

o__________________o
____________________
____________________
____________________
____________________
____________________
____________________
____________________
____________________
____________________
____________________
____________________
____________________
____________________
____________________
____________________
____________________
____________________
o___________________
o_________________o_

oo_________________o
____________________
____________________
____________________
____________________
____________________
____________________
____________________
____________________
____________________
____________________
____________________
____________________
____________________
____________________
____________________
____________________
____________________
o___________________
_o__________________

_o_________________o
oo__________________
____________________
____________________
____________________
____________________
____________________
____________________
____________________
____________________
____________________
____________________
____________________
____________________
____________________
____________________
____________________
____________________
____________________
_o__________________

__o_________________
ooo_________________
____________________
____________________
____________________
____________________
____________________
____________________
____________________
____________________
____________________
____________________
____________________
____________________
____________________
____________________
____________________
____________________
____________________
_o__________________

__o_________________
o_o_________________
_oo_________________
____________________
____________________
____________________
____________________
____________________
____________________
____________________
____________________
____________________
____________________
____________________
____________________
____________________
____________________
____________________
____________________
____________________

